2026-03-23 00:16:05,876 INFO: Expense Tracker startup [in C:\Users\srira\Expense_Tracker_Python\app_new.py:108]
2026-03-23 00:17:37,442 ERROR: Unhandled exception: Could not build url for endpoint 'index'. Did you mean 'dashboard.index' instead? [in C:\Users\srira\Expense_Tracker_Python\app_new.py:156]
2026-03-23 00:17:37,452 ERROR: Exception on /login [GET] [in C:\Users\srira\AppData\Roaming\Python\Python314\site-packages\flask\app.py:875]
Traceback (most recent call last):
  File "C:\Users\srira\AppData\Roaming\Python\Python314\site-packages\flask\app.py", line 917, in full_dispatch_request
    rv = self.dispatch_request()
  File "C:\Users\srira\AppData\Roaming\Python\Python314\site-packages\flask\app.py", line 902, in dispatch_request
    return self.ensure_sync(self.view_functions[rule.endpoint])(**view_args)  # type: ignore[no-any-return]
           ~~~~~~~~~~~~~~~~~~~~~~~~~~~~~~~~~~~~~~~~~~~~~~~~~~~~^^^^^^^^^^^^^
  File "C:\Users\srira\Expense_Tracker_Python\routes\auth.py", line 41, in login
    return render_template('login.html')
  File "C:\Users\srira\AppData\Roaming\Python\Python314\site-packages\flask\templating.py", line 150, in render_template
    return _render(app, template, context)
  File "C:\Users\srira\AppData\Roaming\Python\Python314\site-packages\flask\templating.py", line 131, in _render
    rv = template.render(context)
  File "C:\Users\srira\AppData\Roaming\Python\Python314\site-packages\jinja2\environment.py", line 1295, in render
    self.environment.handle_exception()
    ~~~~~~~~~~~~~~~~~~~~~~~~~~~~~~~~~^^
  File "C:\Users\srira\AppData\Roaming\Python\Python314\site-packages\jinja2\environment.py", line 942, in handle_exception
    raise rewrite_traceback_stack(source=source)
  File "C:\Users\srira\Expense_Tracker_Python\templates\login.html", line 1, in top-level template code
    {% extends "base.html" %}
  File "C:\Users\srira\Expense_Tracker_Python\templates\base.html", line 24, in top-level template code
    <a class="navbar-brand" href="{{ url_for('index') }}">
    ^^^^^^^^^^^^^^^^^^^
  File "C:\Users\srira\AppData\Roaming\Python\Python314\site-packages\flask\app.py", line 1121, in url_for
    return self.handle_url_build_error(error, endpoint, values)
           ~~~~~~~~~~~~~~~~~~~~~~~~~~~^^^^^^^^^^^^^^^^^^^^^^^^^
  File "C:\Users\srira\AppData\Roaming\Python\Python314\site-packages\flask\app.py", line 1110, in url_for
    rv = url_adapter.build(  # type: ignore[union-attr]
        endpoint,
    ...<3 lines>...
        force_external=_external,
    )
  File "C:\Users\srira\AppData\Roaming\Python\Python314\site-packages\werkzeug\routing\map.py", line 924, in build
    raise BuildError(endpoint, values, method, self)
werkzeug.routing.exceptions.BuildError: Could not build url for endpoint 'index'. Did you mean 'dashboard.index' instead?

During handling of the above exception, another exception occurred:

Traceback (most recent call last):
  File "C:\Users\srira\AppData\Roaming\Python\Python314\site-packages\flask\app.py", line 1511, in wsgi_app
    response = self.full_dispatch_request()
  File "C:\Users\srira\AppData\Roaming\Python\Python314\site-packages\flask\app.py", line 919, in full_dispatch_request
    rv = self.handle_user_exception(e)
  File "C:\Users\srira\AppData\Roaming\Python\Python314\site-packages\flask\app.py", line 809, in handle_user_exception
    return self.ensure_sync(handler)(e)  # type: ignore[no-any-return]
           ~~~~~~~~~~~~~~~~~~~~~~~~~^^^
  File "C:\Users\srira\Expense_Tracker_Python\app_new.py", line 157, in handle_exception
    return render_template('error.html', error='An error occurred', code=500), 500
           ~~~~~~~~~~~~~~~^^^^^^^^^^^^^^^^^^^^^^^^^^^^^^^^^^^^^^^^^^^^^^^^^^^
  File "C:\Users\srira\AppData\Roaming\Python\Python314\site-packages\flask\templating.py", line 150, in render_template
    return _render(app, template, context)
  File "C:\Users\srira\AppData\Roaming\Python\Python314\site-packages\flask\templating.py", line 131, in _render
    rv = template.render(context)
  File "C:\Users\srira\AppData\Roaming\Python\Python314\site-packages\jinja2\environment.py", line 1295, in render
    self.environment.handle_exception()
    ~~~~~~~~~~~~~~~~~~~~~~~~~~~~~~~~~^^
  File "C:\Users\srira\AppData\Roaming\Python\Python314\site-packages\jinja2\environment.py", line 942, in handle_exception
    raise rewrite_traceback_stack(source=source)
  File "C:\Users\srira\Expense_Tracker_Python\templates\error.html", line 1, in top-level template code
    {% extends "base.html" %}
  File "C:\Users\srira\Expense_Tracker_Python\templates\base.html", line 24, in top-level template code
    <a class="navbar-brand" href="{{ url_for('index') }}">
    ^^^^^^^^^^^^^^^^^^^
  File "C:\Users\srira\AppData\Roaming\Python\Python314\site-packages\flask\app.py", line 1121, in url_for
    return self.handle_url_build_error(error, endpoint, values)
           ~~~~~~~~~~~~~~~~~~~~~~~~~~~^^^^^^^^^^^^^^^^^^^^^^^^^
  File "C:\Users\srira\AppData\Roaming\Python\Python314\site-packages\flask\app.py", line 1110, in url_for
    rv = url_adapter.build(  # type: ignore[union-attr]
        endpoint,
    ...<3 lines>...
        force_external=_external,
    )
  File "C:\Users\srira\AppData\Roaming\Python\Python314\site-packages\werkzeug\routing\map.py", line 924, in build
    raise BuildError(endpoint, values, method, self)
werkzeug.routing.exceptions.BuildError: Could not build url for endpoint 'index'. Did you mean 'dashboard.index' instead?
2026-03-23 00:17:37,640 ERROR: Server error: 500 Internal Server Error: The server encountered an internal error and was unable to complete your request. Either the server is overloaded or there is an error in the application. [in C:\Users\srira\Expense_Tracker_Python\app_new.py:147]
2026-03-23 00:17:37,906 ERROR: Exception on /favicon.ico [GET] [in C:\Users\srira\AppData\Roaming\Python\Python314\site-packages\flask\app.py:875]
Traceback (most recent call last):
  File "C:\Users\srira\AppData\Roaming\Python\Python314\site-packages\flask\app.py", line 917, in full_dispatch_request
    rv = self.dispatch_request()
  File "C:\Users\srira\AppData\Roaming\Python\Python314\site-packages\flask\app.py", line 891, in dispatch_request
    self.raise_routing_exception(req)
    ~~~~~~~~~~~~~~~~~~~~~~~~~~~~^^^^^
  File "C:\Users\srira\AppData\Roaming\Python\Python314\site-packages\flask\app.py", line 500, in raise_routing_exception
    raise request.routing_exception  # type: ignore[misc]
    ^^^^^^^^^^^^^^^^^^^^^^^^^^^^^^^
  File "C:\Users\srira\AppData\Roaming\Python\Python314\site-packages\flask\ctx.py", line 362, in match_request
    result = self.url_adapter.match(return_rule=True)  # type: ignore
  File "C:\Users\srira\AppData\Roaming\Python\Python314\site-packages\werkzeug\routing\map.py", line 629, in match
    raise NotFound() from None
werkzeug.exceptions.NotFound: 404 Not Found: The requested URL was not found on the server. If you entered the URL manually please check your spelling and try again.

During handling of the above exception, another exception occurred:

Traceback (most recent call last):
  File "C:\Users\srira\AppData\Roaming\Python\Python314\site-packages\flask\app.py", line 1511, in wsgi_app
    response = self.full_dispatch_request()
  File "C:\Users\srira\AppData\Roaming\Python\Python314\site-packages\flask\app.py", line 919, in full_dispatch_request
    rv = self.handle_user_exception(e)
  File "C:\Users\srira\AppData\Roaming\Python\Python314\site-packages\flask\app.py", line 802, in handle_user_exception
    return self.handle_http_exception(e)
           ~~~~~~~~~~~~~~~~~~~~~~~~~~^^^
  File "C:\Users\srira\AppData\Roaming\Python\Python314\site-packages\flask\app.py", line 777, in handle_http_exception
    return self.ensure_sync(handler)(e)  # type: ignore[no-any-return]
           ~~~~~~~~~~~~~~~~~~~~~~~~~^^^
  File "C:\Users\srira\Expense_Tracker_Python\app_new.py", line 136, in not_found
    return render_template('error.html', error='Page not found', code=404), 404
           ~~~~~~~~~~~~~~~^^^^^^^^^^^^^^^^^^^^^^^^^^^^^^^^^^^^^^^^^^^^^^^^
  File "C:\Users\srira\AppData\Roaming\Python\Python314\site-packages\flask\templating.py", line 150, in render_template
    return _render(app, template, context)
  File "C:\Users\srira\AppData\Roaming\Python\Python314\site-packages\flask\templating.py", line 131, in _render
    rv = template.render(context)
  File "C:\Users\srira\AppData\Roaming\Python\Python314\site-packages\jinja2\environment.py", line 1295, in render
    self.environment.handle_exception()
    ~~~~~~~~~~~~~~~~~~~~~~~~~~~~~~~~~^^
  File "C:\Users\srira\AppData\Roaming\Python\Python314\site-packages\jinja2\environment.py", line 942, in handle_exception
    raise rewrite_traceback_stack(source=source)
  File "C:\Users\srira\Expense_Tracker_Python\templates\error.html", line 1, in top-level template code
    {% extends "base.html" %}
  File "C:\Users\srira\Expense_Tracker_Python\templates\base.html", line 24, in top-level template code
    <a class="navbar-brand" href="{{ url_for('index') }}">
    ^^^^^^^^^^^^^^^^^^^
  File "C:\Users\srira\AppData\Roaming\Python\Python314\site-packages\flask\app.py", line 1121, in url_for
    return self.handle_url_build_error(error, endpoint, values)
           ~~~~~~~~~~~~~~~~~~~~~~~~~~~^^^^^^^^^^^^^^^^^^^^^^^^^
  File "C:\Users\srira\AppData\Roaming\Python\Python314\site-packages\flask\app.py", line 1110, in url_for
    rv = url_adapter.build(  # type: ignore[union-attr]
        endpoint,
    ...<3 lines>...
        force_external=_external,
    )
  File "C:\Users\srira\AppData\Roaming\Python\Python314\site-packages\werkzeug\routing\map.py", line 924, in build
    raise BuildError(endpoint, values, method, self)
werkzeug.routing.exceptions.BuildError: Could not build url for endpoint 'index'. Did you mean 'dashboard.index' instead?
2026-03-23 00:17:37,961 ERROR: Server error: 500 Internal Server Error: The server encountered an internal error and was unable to complete your request. Either the server is overloaded or there is an error in the application. [in C:\Users\srira\Expense_Tracker_Python\app_new.py:147]
2026-03-23 00:18:43,276 INFO: Expense Tracker startup [in C:\Users\srira\Expense_Tracker_Python\app_new.py:108]
